   Qt/MSBuild: 3.3.1.1
  Reading Qt configuration (C:/Samarok/Programming/Qt/6.8.0/msvc2022_64/bin/qmake)
   Qt: 6.8.0
  uic MainWindow.ui
  rcc MainWindow.qrc
  moc MainWindow.h
   RCC: Warning: No resources in 'C:\Samarok\Programming\C++\OOP\schedule\TimetableQt\MainWindow.qrc'.
  DataLoader.cpp
  Schedule.cpp
  Teacher.cpp
  MainWindow.cpp
  main.cpp
C:\Samarok\Programming\C++\OOP\schedule\TimetableQt\Schedule.cpp(1,1): warning C4828: Файл содержит знак, начинающийся со смещения 0x71, который является недопустимым в текущей исходной кодировке (кодовая страница 65001).
C:\Samarok\Programming\C++\OOP\schedule\TimetableQt\MainWindow.h(1,1): warning C4828: Файл содержит знак, начинающийся со смещения 0x12c, который является недопустимым в текущей исходной кодировке (кодовая страница 65001). (компилируется исходный файл MainWindow.cpp)
C:\Samarok\Programming\C++\OOP\schedule\TimetableQt\MainWindow.h(1,1): warning C4828: Файл содержит знак, начинающийся со смещения 0x12e, который является недопустимым в текущей исходной кодировке (кодовая страница 65001). (компилируется исходный файл MainWindow.cpp)
C:\Samarok\Programming\C++\OOP\schedule\TimetableQt\MainWindow.h(1,1): warning C4828: Файл содержит знак, начинающийся со смещения 0x12f, который является недопустимым в текущей исходной кодировке (кодовая страница 65001). (компилируется исходный файл MainWindow.cpp)
C:\Samarok\Programming\C++\OOP\schedule\TimetableQt\MainWindow.h(1,1): warning C4828: Файл содержит знак, начинающийся со смещения 0x130, который является недопустимым в текущей исходной кодировке (кодовая страница 65001). (компилируется исходный файл MainWindow.cpp)
C:\Samarok\Programming\C++\OOP\schedule\TimetableQt\MainWindow.h(1,1): warning C4828: Файл содержит знак, начинающийся со смещения 0x133, который является недопустимым в текущей исходной кодировке (кодовая страница 65001). (компилируется исходный файл MainWindow.cpp)
C:\Samarok\Programming\C++\OOP\schedule\TimetableQt\MainWindow.h(1,1): warning C4828: Файл содержит знак, начинающийся со смещения 0x136, который является недопустимым в текущей исходной кодировке (кодовая страница 65001). (компилируется исходный файл MainWindow.cpp)
C:\Samarok\Programming\C++\OOP\schedule\TimetableQt\MainWindow.h(1,1): warning C4828: Файл содержит знак, начинающийся со смещения 0x13a, который является недопустимым в текущей исходной кодировке (кодовая страница 65001). (компилируется исходный файл MainWindow.cpp)
C:\Samarok\Programming\C++\OOP\schedule\TimetableQt\MainWindow.h(1,1): warning C4828: Файл содержит знак, начинающийся со смещения 0x13d, который является недопустимым в текущей исходной кодировке (кодовая страница 65001). (компилируется исходный файл MainWindow.cpp)
C:\Samarok\Programming\C++\OOP\schedule\TimetableQt\Schedule.cpp(1,1): warning C4828: Файл содержит знак, начинающийся со смещения 0x75, который является недопустимым в текущей исходной кодировке (кодовая страница 65001).
C:\Samarok\Programming\C++\OOP\schedule\TimetableQt\MainWindow.h(1,1): warning C4828: Файл содержит знак, начинающийся со смещения 0x12c, который является недопустимым в текущей исходной кодировке (кодовая страница 65001). (компилируется исходный файл main.cpp)
C:\Samarok\Programming\C++\OOP\schedule\TimetableQt\DataLoader.cpp(1,1): warning C4828: Файл содержит знак, начинающийся со смещения 0x85, который является недопустимым в текущей исходной кодировке (кодовая страница 65001).
C:\Samarok\Programming\C++\OOP\schedule\TimetableQt\Schedule.cpp(1,1): warning C4828: Файл содержит знак, начинающийся со смещения 0x78, который является недопустимым в текущей исходной кодировке (кодовая страница 65001).
C:\Samarok\Programming\C++\OOP\schedule\TimetableQt\MainWindow.h(1,1): warning C4828: Файл содержит знак, начинающийся со смещения 0x12e, который является недопустимым в текущей исходной кодировке (кодовая страница 65001). (компилируется исходный файл main.cpp)
C:\Samarok\Programming\C++\OOP\schedule\TimetableQt\MainWindow.h(1,1): warning C4828: Файл содержит знак, начинающийся со смещения 0x140, который является недопустимым в текущей исходной кодировке (кодовая страница 65001). (компилируется исходный файл MainWindow.cpp)
C:\Samarok\Programming\C++\OOP\schedule\TimetableQt\DataLoader.cpp(1,1): warning C4828: Файл содержит знак, начинающийся со смещения 0x87, который является недопустимым в текущей исходной кодировке (кодовая страница 65001).
C:\Samarok\Programming\C++\OOP\schedule\TimetableQt\Schedule.cpp(1,1): warning C4828: Файл содержит знак, начинающийся со смещения 0x7b, который является недопустимым в текущей исходной кодировке (кодовая страница 65001).
C:\Samarok\Programming\C++\OOP\schedule\TimetableQt\MainWindow.h(1,1): warning C4828: Файл содержит знак, начинающийся со смещения 0x12f, который является недопустимым в текущей исходной кодировке (кодовая страница 65001). (компилируется исходный файл main.cpp)
C:\Samarok\Programming\C++\OOP\schedule\TimetableQt\MainWindow.h(1,1): warning C4828: Файл содержит знак, начинающийся со смещения 0x143, который является недопустимым в текущей исходной кодировке (кодовая страница 65001). (компилируется исходный файл MainWindow.cpp)
C:\Samarok\Programming\C++\OOP\schedule\TimetableQt\MainWindow.h(1,1): warning C4828: Файл содержит знак, начинающийся со смещения 0x146, который является недопустимым в текущей исходной кодировке (кодовая страница 65001). (компилируется исходный файл MainWindow.cpp)
C:\Samarok\Programming\C++\OOP\schedule\TimetableQt\Schedule.cpp(1,1): warning C4828: Файл содержит знак, начинающийся со смещения 0xd1, который является недопустимым в текущей исходной кодировке (кодовая страница 65001).
C:\Samarok\Programming\C++\OOP\schedule\TimetableQt\MainWindow.h(1,1): warning C4828: Файл содержит знак, начинающийся со смещения 0x130, который является недопустимым в текущей исходной кодировке (кодовая страница 65001). (компилируется исходный файл main.cpp)
C:\Samarok\Programming\C++\OOP\schedule\TimetableQt\MainWindow.h(1,1): warning C4828: Файл содержит знак, начинающийся со смещения 0x133, который является недопустимым в текущей исходной кодировке (кодовая страница 65001). (компилируется исходный файл main.cpp)
C:\Samarok\Programming\C++\OOP\schedule\TimetableQt\MainWindow.h(1,1): warning C4828: Файл содержит знак, начинающийся со смещения 0x136, который является недопустимым в текущей исходной кодировке (кодовая страница 65001). (компилируется исходный файл main.cpp)
C:\Samarok\Programming\C++\OOP\schedule\TimetableQt\Schedule.cpp(1,1): warning C4828: Файл содержит знак, начинающийся со смещения 0xd4, который является недопустимым в текущей исходной кодировке (кодовая страница 65001).
C:\Samarok\Programming\C++\OOP\schedule\TimetableQt\MainWindow.h(1,1): warning C4828: Файл содержит знак, начинающийся со смещения 0x13a, который является недопустимым в текущей исходной кодировке (кодовая страница 65001). (компилируется исходный файл main.cpp)
C:\Samarok\Programming\C++\OOP\schedule\TimetableQt\DataLoader.cpp(1,1): warning C4828: Файл содержит знак, начинающийся со смещения 0x8a, который является недопустимым в текущей исходной кодировке (кодовая страница 65001).
C:\Samarok\Programming\C++\OOP\schedule\TimetableQt\MainWindow.h(1,1): warning C4828: Файл содержит знак, начинающийся со смещения 0x13d, который является недопустимым в текущей исходной кодировке (кодовая страница 65001). (компилируется исходный файл main.cpp)
C:\Samarok\Programming\C++\OOP\schedule\TimetableQt\Schedule.cpp(1,1): warning C4828: Файл содержит знак, начинающийся со смещения 0xd8, который является недопустимым в текущей исходной кодировке (кодовая страница 65001).
C:\Samarok\Programming\C++\OOP\schedule\TimetableQt\DataLoader.cpp(1,1): warning C4828: Файл содержит знак, начинающийся со смещения 0x8e, который является недопустимым в текущей исходной кодировке (кодовая страница 65001).
C:\Samarok\Programming\C++\OOP\schedule\TimetableQt\MainWindow.h(1,1): warning C4828: Файл содержит знак, начинающийся со смещения 0x140, который является недопустимым в текущей исходной кодировке (кодовая страница 65001). (компилируется исходный файл main.cpp)
C:\Samarok\Programming\C++\OOP\schedule\TimetableQt\Schedule.cpp(1,1): warning C4828: Файл содержит знак, начинающийся со смещения 0xdb, который является недопустимым в текущей исходной кодировке (кодовая страница 65001).
C:\Samarok\Programming\C++\OOP\schedule\TimetableQt\MainWindow.h(1,1): warning C4828: Файл содержит знак, начинающийся со смещения 0x143, который является недопустимым в текущей исходной кодировке (кодовая страница 65001). (компилируется исходный файл main.cpp)
C:\Samarok\Programming\C++\OOP\schedule\TimetableQt\Schedule.cpp(1,1): warning C4828: Файл содержит знак, начинающийся со смещения 0x133, который является недопустимым в текущей исходной кодировке (кодовая страница 65001).
C:\Samarok\Programming\C++\OOP\schedule\TimetableQt\MainWindow.h(1,1): warning C4828: Файл содержит знак, начинающийся со смещения 0x146, который является недопустимым в текущей исходной кодировке (кодовая страница 65001). (компилируется исходный файл main.cpp)
C:\Samarok\Programming\C++\OOP\schedule\TimetableQt\DataLoader.cpp(1,1): warning C4828: Файл содержит знак, начинающийся со смещения 0x91, который является недопустимым в текущей исходной кодировке (кодовая страница 65001).
C:\Samarok\Programming\C++\OOP\schedule\TimetableQt\Schedule.cpp(1,1): warning C4828: Файл содержит знак, начинающийся со смещения 0x136, который является недопустимым в текущей исходной кодировке (кодовая страница 65001).
C:\Samarok\Programming\C++\OOP\schedule\TimetableQt\DataLoader.cpp(1,1): warning C4828: Файл содержит знак, начинающийся со смещения 0x94, который является недопустимым в текущей исходной кодировке (кодовая страница 65001).
C:\Samarok\Programming\C++\OOP\schedule\TimetableQt\DataLoader.cpp(1,1): warning C4828: Файл содержит знак, начинающийся со смещения 0x97, который является недопустимым в текущей исходной кодировке (кодовая страница 65001).
C:\Samarok\Programming\C++\OOP\schedule\TimetableQt\Schedule.cpp(1,1): warning C4828: Файл содержит знак, начинающийся со смещения 0x139, который является недопустимым в текущей исходной кодировке (кодовая страница 65001).
C:\Samarok\Programming\C++\OOP\schedule\TimetableQt\DataLoader.cpp(1,1): warning C4828: Файл содержит знак, начинающийся со смещения 0x9b, который является недопустимым в текущей исходной кодировке (кодовая страница 65001).
C:\Samarok\Programming\C++\OOP\schedule\TimetableQt\Schedule.cpp(1,1): warning C4828: Файл содержит знак, начинающийся со смещения 0x13d, который является недопустимым в текущей исходной кодировке (кодовая страница 65001).
C:\Samarok\Programming\C++\OOP\schedule\TimetableQt\DataLoader.cpp(1,1): warning C4828: Файл содержит знак, начинающийся со смещения 0x9e, который является недопустимым в текущей исходной кодировке (кодовая страница 65001).
C:\Samarok\Programming\C++\OOP\schedule\TimetableQt\Schedule.cpp(1,1): warning C4828: Файл содержит знак, начинающийся со смещения 0x141, который является недопустимым в текущей исходной кодировке (кодовая страница 65001).
C:\Samarok\Programming\C++\OOP\schedule\TimetableQt\DataLoader.cpp(1,1): warning C4828: Файл содержит знак, начинающийся со смещения 0xa1, который является недопустимым в текущей исходной кодировке (кодовая страница 65001).
C:\Samarok\Programming\C++\OOP\schedule\TimetableQt\Schedule.cpp(1,1): warning C4828: Файл содержит знак, начинающийся со смещения 0x144, который является недопустимым в текущей исходной кодировке (кодовая страница 65001).
C:\Samarok\Programming\C++\OOP\schedule\TimetableQt\DataLoader.cpp(1,1): warning C4828: Файл содержит знак, начинающийся со смещения 0xa4, который является недопустимым в текущей исходной кодировке (кодовая страница 65001).
C:\Samarok\Programming\C++\OOP\schedule\TimetableQt\Schedule.cpp(1,1): warning C4828: Файл содержит знак, начинающийся со смещения 0x147, который является недопустимым в текущей исходной кодировке (кодовая страница 65001).
C:\Samarok\Programming\C++\OOP\schedule\TimetableQt\DataLoader.cpp(1,1): warning C4828: Файл содержит знак, начинающийся со смещения 0x1d3, который является недопустимым в текущей исходной кодировке (кодовая страница 65001).
C:\Samarok\Programming\C++\OOP\schedule\TimetableQt\DataLoader.cpp(1,1): warning C4828: Файл содержит знак, начинающийся со смещения 0x1d5, который является недопустимым в текущей исходной кодировке (кодовая страница 65001).
C:\Samarok\Programming\C++\OOP\schedule\TimetableQt\DataLoader.cpp(1,1): warning C4828: Файл содержит знак, начинающийся со смещения 0x1d8, который является недопустимым в текущей исходной кодировке (кодовая страница 65001).
C:\Samarok\Programming\C++\OOP\schedule\TimetableQt\DataLoader.cpp(1,1): warning C4828: Файл содержит знак, начинающийся со смещения 0x1db, который является недопустимым в текущей исходной кодировке (кодовая страница 65001).
C:\Samarok\Programming\C++\OOP\schedule\TimetableQt\DataLoader.cpp(1,1): warning C4828: Файл содержит знак, начинающийся со смещения 0x1df, который является недопустимым в текущей исходной кодировке (кодовая страница 65001).
C:\Samarok\Programming\C++\OOP\schedule\TimetableQt\DataLoader.cpp(1,1): warning C4828: Файл содержит знак, начинающийся со смещения 0x1e3, который является недопустимым в текущей исходной кодировке (кодовая страница 65001).
C:\Samarok\Programming\C++\OOP\schedule\TimetableQt\DataLoader.cpp(1,1): warning C4828: Файл содержит знак, начинающийся со смещения 0x1e7, который является недопустимым в текущей исходной кодировке (кодовая страница 65001).
C:\Samarok\Programming\C++\OOP\schedule\TimetableQt\DataLoader.cpp(1,1): warning C4828: Файл содержит знак, начинающийся со смещения 0x42f, который является недопустимым в текущей исходной кодировке (кодовая страница 65001).
C:\Samarok\Programming\C++\OOP\schedule\TimetableQt\Schedule.h(1,1): warning C4828: Файл содержит знак, начинающийся со смещения 0x100, который является недопустимым в текущей исходной кодировке (кодовая страница 65001). (компилируется исходный файл Schedule.cpp)
C:\Samarok\Programming\C++\OOP\schedule\TimetableQt\DataLoader.cpp(1,1): warning C4828: Файл содержит знак, начинающийся со смещения 0x431, который является недопустимым в текущей исходной кодировке (кодовая страница 65001).
C:\Samarok\Programming\C++\OOP\schedule\TimetableQt\Schedule.h(1,1): warning C4828: Файл содержит знак, начинающийся со смещения 0x102, который является недопустимым в текущей исходной кодировке (кодовая страница 65001). (компилируется исходный файл Schedule.cpp)
C:\Samarok\Programming\C++\OOP\schedule\TimetableQt\DataLoader.cpp(1,1): warning C4828: Файл содержит знак, начинающийся со смещения 0x434, который является недопустимым в текущей исходной кодировке (кодовая страница 65001).
C:\Samarok\Programming\C++\OOP\schedule\TimetableQt\Schedule.h(1,1): warning C4828: Файл содержит знак, начинающийся со смещения 0x106, который является недопустимым в текущей исходной кодировке (кодовая страница 65001). (компилируется исходный файл Schedule.cpp)
C:\Samarok\Programming\C++\OOP\schedule\TimetableQt\DataLoader.cpp(1,1): warning C4828: Файл содержит знак, начинающийся со смещения 0x438, который является недопустимым в текущей исходной кодировке (кодовая страница 65001).
C:\Samarok\Programming\C++\OOP\schedule\TimetableQt\Schedule.h(1,1): warning C4828: Файл содержит знак, начинающийся со смещения 0x109, который является недопустимым в текущей исходной кодировке (кодовая страница 65001). (компилируется исходный файл Schedule.cpp)
C:\Samarok\Programming\C++\OOP\schedule\TimetableQt\DataLoader.cpp(1,1): warning C4828: Файл содержит знак, начинающийся со смещения 0x43b, который является недопустимым в текущей исходной кодировке (кодовая страница 65001).
C:\Samarok\Programming\C++\OOP\schedule\TimetableQt\Schedule.h(1,1): warning C4828: Файл содержит знак, начинающийся со смещения 0x12d, который является недопустимым в текущей исходной кодировке (кодовая страница 65001). (компилируется исходный файл Schedule.cpp)
C:\Samarok\Programming\C++\OOP\schedule\TimetableQt\DataLoader.cpp(1,1): warning C4828: Файл содержит знак, начинающийся со смещения 0x43e, который является недопустимым в текущей исходной кодировке (кодовая страница 65001).
C:\Samarok\Programming\C++\OOP\schedule\TimetableQt\Schedule.h(1,1): warning C4828: Файл содержит знак, начинающийся со смещения 0x130, который является недопустимым в текущей исходной кодировке (кодовая страница 65001). (компилируется исходный файл Schedule.cpp)
C:\Samarok\Programming\C++\OOP\schedule\TimetableQt\DataLoader.cpp(1,1): warning C4828: Файл содержит знак, начинающийся со смещения 0x441, который является недопустимым в текущей исходной кодировке (кодовая страница 65001).
C:\Samarok\Programming\C++\OOP\schedule\TimetableQt\Schedule.h(1,1): warning C4828: Файл содержит знак, начинающийся со смещения 0x134, который является недопустимым в текущей исходной кодировке (кодовая страница 65001). (компилируется исходный файл Schedule.cpp)
C:\Samarok\Programming\C++\OOP\schedule\TimetableQt\DataLoader.cpp(1,1): warning C4828: Файл содержит знак, начинающийся со смещения 0x445, который является недопустимым в текущей исходной кодировке (кодовая страница 65001).
C:\Samarok\Programming\C++\OOP\schedule\TimetableQt\Schedule.h(1,1): warning C4828: Файл содержит знак, начинающийся со смещения 0x13f, который является недопустимым в текущей исходной кодировке (кодовая страница 65001). (компилируется исходный файл Schedule.cpp)
C:\Samarok\Programming\C++\OOP\schedule\TimetableQt\DataLoader.cpp(1,1): warning C4828: Файл содержит знак, начинающийся со смещения 0x4f8, который является недопустимым в текущей исходной кодировке (кодовая страница 65001).
C:\Samarok\Programming\C++\OOP\schedule\TimetableQt\DataLoader.cpp(1,1): warning C4828: Файл содержит знак, начинающийся со смещения 0x4fa, который является недопустимым в текущей исходной кодировке (кодовая страница 65001).
C:\Samarok\Programming\C++\OOP\schedule\TimetableQt\DataLoader.cpp(1,1): warning C4828: Файл содержит знак, начинающийся со смещения 0x4fd, который является недопустимым в текущей исходной кодировке (кодовая страница 65001).
C:\Samarok\Programming\C++\OOP\schedule\TimetableQt\Schedule.h(1,1): warning C4828: Файл содержит знак, начинающийся со смещения 0x142, который является недопустимым в текущей исходной кодировке (кодовая страница 65001). (компилируется исходный файл Schedule.cpp)
C:\Samarok\Programming\C++\OOP\schedule\TimetableQt\DataLoader.cpp(1,1): warning C4828: Файл содержит знак, начинающийся со смещения 0x500, который является недопустимым в текущей исходной кодировке (кодовая страница 65001).
C:\Samarok\Programming\C++\OOP\schedule\TimetableQt\Schedule.h(1,1): warning C4828: Файл содержит знак, начинающийся со смещения 0x145, который является недопустимым в текущей исходной кодировке (кодовая страница 65001). (компилируется исходный файл Schedule.cpp)
C:\Samarok\Programming\C++\OOP\schedule\TimetableQt\DataLoader.cpp(1,1): warning C4828: Файл содержит знак, начинающийся со смещения 0x504, который является недопустимым в текущей исходной кодировке (кодовая страница 65001).
C:\Samarok\Programming\C++\OOP\schedule\TimetableQt\Schedule.h(1,1): warning C4828: Файл содержит знак, начинающийся со смещения 0x148, который является недопустимым в текущей исходной кодировке (кодовая страница 65001). (компилируется исходный файл Schedule.cpp)
C:\Samarok\Programming\C++\OOP\schedule\TimetableQt\DataLoader.cpp(1,1): warning C4828: Файл содержит знак, начинающийся со смещения 0x508, который является недопустимым в текущей исходной кодировке (кодовая страница 65001).
C:\Samarok\Programming\C++\OOP\schedule\TimetableQt\DataLoader.cpp(1,1): warning C4828: Файл содержит знак, начинающийся со смещения 0x50c, который является недопустимым в текущей исходной кодировке (кодовая страница 65001).
C:\Samarok\Programming\C++\OOP\schedule\TimetableQt\Schedule.h(1,1): warning C4828: Файл содержит знак, начинающийся со смещения 0x100, который является недопустимым в текущей исходной кодировке (кодовая страница 65001). (компилируется исходный файл MainWindow.cpp)
C:\Samarok\Programming\C++\OOP\schedule\TimetableQt\Schedule.h(1,1): warning C4828: Файл содержит знак, начинающийся со смещения 0x102, который является недопустимым в текущей исходной кодировке (кодовая страница 65001). (компилируется исходный файл MainWindow.cpp)
C:\Samarok\Programming\C++\OOP\schedule\TimetableQt\Schedule.h(1,1): warning C4828: Файл содержит знак, начинающийся со смещения 0x106, который является недопустимым в текущей исходной кодировке (кодовая страница 65001). (компилируется исходный файл MainWindow.cpp)
C:\Samarok\Programming\C++\OOP\schedule\TimetableQt\Schedule.h(1,1): warning C4828: Файл содержит знак, начинающийся со смещения 0x109, который является недопустимым в текущей исходной кодировке (кодовая страница 65001). (компилируется исходный файл MainWindow.cpp)
C:\Samarok\Programming\C++\OOP\schedule\TimetableQt\Schedule.h(1,1): warning C4828: Файл содержит знак, начинающийся со смещения 0x12d, который является недопустимым в текущей исходной кодировке (кодовая страница 65001). (компилируется исходный файл MainWindow.cpp)
C:\Samarok\Programming\C++\OOP\schedule\TimetableQt\Schedule.h(1,1): warning C4828: Файл содержит знак, начинающийся со смещения 0x130, который является недопустимым в текущей исходной кодировке (кодовая страница 65001). (компилируется исходный файл MainWindow.cpp)
C:\Samarok\Programming\C++\OOP\schedule\TimetableQt\Schedule.h(1,1): warning C4828: Файл содержит знак, начинающийся со смещения 0x134, который является недопустимым в текущей исходной кодировке (кодовая страница 65001). (компилируется исходный файл MainWindow.cpp)
C:\Samarok\Programming\C++\OOP\schedule\TimetableQt\Schedule.h(1,1): warning C4828: Файл содержит знак, начинающийся со смещения 0x13f, который является недопустимым в текущей исходной кодировке (кодовая страница 65001). (компилируется исходный файл MainWindow.cpp)
C:\Samarok\Programming\C++\OOP\schedule\TimetableQt\Schedule.h(1,1): warning C4828: Файл содержит знак, начинающийся со смещения 0x142, который является недопустимым в текущей исходной кодировке (кодовая страница 65001). (компилируется исходный файл MainWindow.cpp)
C:\Samarok\Programming\C++\OOP\schedule\TimetableQt\Schedule.h(1,1): warning C4828: Файл содержит знак, начинающийся со смещения 0x145, который является недопустимым в текущей исходной кодировке (кодовая страница 65001). (компилируется исходный файл MainWindow.cpp)
C:\Samarok\Programming\C++\OOP\schedule\TimetableQt\Schedule.h(1,1): warning C4828: Файл содержит знак, начинающийся со смещения 0x148, который является недопустимым в текущей исходной кодировке (кодовая страница 65001). (компилируется исходный файл MainWindow.cpp)
C:\Samarok\Programming\C++\OOP\schedule\TimetableQt\Schedule.h(1,1): warning C4828: Файл содержит знак, начинающийся со смещения 0x100, который является недопустимым в текущей исходной кодировке (кодовая страница 65001). (компилируется исходный файл main.cpp)
C:\Samarok\Programming\C++\OOP\schedule\TimetableQt\Schedule.h(1,1): warning C4828: Файл содержит знак, начинающийся со смещения 0x102, который является недопустимым в текущей исходной кодировке (кодовая страница 65001). (компилируется исходный файл main.cpp)
C:\Samarok\Programming\C++\OOP\schedule\TimetableQt\Schedule.h(1,1): warning C4828: Файл содержит знак, начинающийся со смещения 0x106, который является недопустимым в текущей исходной кодировке (кодовая страница 65001). (компилируется исходный файл main.cpp)
C:\Samarok\Programming\C++\OOP\schedule\TimetableQt\Schedule.h(1,1): warning C4828: Файл содержит знак, начинающийся со смещения 0x109, который является недопустимым в текущей исходной кодировке (кодовая страница 65001). (компилируется исходный файл main.cpp)
C:\Samarok\Programming\C++\OOP\schedule\TimetableQt\Schedule.h(1,1): warning C4828: Файл содержит знак, начинающийся со смещения 0x12d, который является недопустимым в текущей исходной кодировке (кодовая страница 65001). (компилируется исходный файл main.cpp)
C:\Samarok\Programming\C++\OOP\schedule\TimetableQt\Schedule.h(1,1): warning C4828: Файл содержит знак, начинающийся со смещения 0x130, который является недопустимым в текущей исходной кодировке (кодовая страница 65001). (компилируется исходный файл main.cpp)
C:\Samarok\Programming\C++\OOP\schedule\TimetableQt\Schedule.h(1,1): warning C4828: Файл содержит знак, начинающийся со смещения 0x134, который является недопустимым в текущей исходной кодировке (кодовая страница 65001). (компилируется исходный файл main.cpp)
C:\Samarok\Programming\C++\OOP\schedule\TimetableQt\Schedule.h(1,1): warning C4828: Файл содержит знак, начинающийся со смещения 0x13f, который является недопустимым в текущей исходной кодировке (кодовая страница 65001). (компилируется исходный файл main.cpp)
C:\Samarok\Programming\C++\OOP\schedule\TimetableQt\Schedule.h(1,1): warning C4828: Файл содержит знак, начинающийся со смещения 0x142, который является недопустимым в текущей исходной кодировке (кодовая страница 65001). (компилируется исходный файл main.cpp)
C:\Samarok\Programming\C++\OOP\schedule\TimetableQt\Schedule.h(1,1): warning C4828: Файл содержит знак, начинающийся со смещения 0x145, который является недопустимым в текущей исходной кодировке (кодовая страница 65001). (компилируется исходный файл main.cpp)
C:\Samarok\Programming\C++\OOP\schedule\TimetableQt\Schedule.h(1,1): warning C4828: Файл содержит знак, начинающийся со смещения 0x148, который является недопустимым в текущей исходной кодировке (кодовая страница 65001). (компилируется исходный файл main.cpp)
C:\Samarok\Programming\C++\OOP\schedule\TimetableQt\MainWindow.cpp(28,41): warning C4267: аргумент: преобразование из "size_t" в "int"; возможна потеря данных
C:\Samarok\Programming\C++\OOP\schedule\TimetableQt\MainWindow.cpp(47,41): warning C4267: аргумент: преобразование из "size_t" в "int"; возможна потеря данных
  qrc_MainWindow.cpp
  moc_MainWindow.cpp
C:\Samarok\Programming\C++\OOP\schedule\TimetableQt\MainWindow.h(1,1): warning C4828: Файл содержит знак, начинающийся со смещения 0x12c, который является недопустимым в текущей исходной кодировке (кодовая страница 65001).
C:\Samarok\Programming\C++\OOP\schedule\TimetableQt\MainWindow.h(1,1): warning C4828: Файл содержит знак, начинающийся со смещения 0x12e, который является недопустимым в текущей исходной кодировке (кодовая страница 65001).
C:\Samarok\Programming\C++\OOP\schedule\TimetableQt\MainWindow.h(1,1): warning C4828: Файл содержит знак, начинающийся со смещения 0x12f, который является недопустимым в текущей исходной кодировке (кодовая страница 65001).
C:\Samarok\Programming\C++\OOP\schedule\TimetableQt\MainWindow.h(1,1): warning C4828: Файл содержит знак, начинающийся со смещения 0x130, который является недопустимым в текущей исходной кодировке (кодовая страница 65001).
C:\Samarok\Programming\C++\OOP\schedule\TimetableQt\MainWindow.h(1,1): warning C4828: Файл содержит знак, начинающийся со смещения 0x133, который является недопустимым в текущей исходной кодировке (кодовая страница 65001).
C:\Samarok\Programming\C++\OOP\schedule\TimetableQt\MainWindow.h(1,1): warning C4828: Файл содержит знак, начинающийся со смещения 0x136, который является недопустимым в текущей исходной кодировке (кодовая страница 65001).
C:\Samarok\Programming\C++\OOP\schedule\TimetableQt\MainWindow.h(1,1): warning C4828: Файл содержит знак, начинающийся со смещения 0x13a, который является недопустимым в текущей исходной кодировке (кодовая страница 65001).
C:\Samarok\Programming\C++\OOP\schedule\TimetableQt\MainWindow.h(1,1): warning C4828: Файл содержит знак, начинающийся со смещения 0x13d, который является недопустимым в текущей исходной кодировке (кодовая страница 65001).
C:\Samarok\Programming\C++\OOP\schedule\TimetableQt\MainWindow.h(1,1): warning C4828: Файл содержит знак, начинающийся со смещения 0x140, который является недопустимым в текущей исходной кодировке (кодовая страница 65001).
C:\Samarok\Programming\C++\OOP\schedule\TimetableQt\MainWindow.h(1,1): warning C4828: Файл содержит знак, начинающийся со смещения 0x143, который является недопустимым в текущей исходной кодировке (кодовая страница 65001).
C:\Samarok\Programming\C++\OOP\schedule\TimetableQt\MainWindow.h(1,1): warning C4828: Файл содержит знак, начинающийся со смещения 0x146, который является недопустимым в текущей исходной кодировке (кодовая страница 65001).
C:\Samarok\Programming\C++\OOP\schedule\TimetableQt\Schedule.h(1,1): warning C4828: Файл содержит знак, начинающийся со смещения 0x100, который является недопустимым в текущей исходной кодировке (кодовая страница 65001).
C:\Samarok\Programming\C++\OOP\schedule\TimetableQt\Schedule.h(1,1): warning C4828: Файл содержит знак, начинающийся со смещения 0x102, который является недопустимым в текущей исходной кодировке (кодовая страница 65001).
C:\Samarok\Programming\C++\OOP\schedule\TimetableQt\Schedule.h(1,1): warning C4828: Файл содержит знак, начинающийся со смещения 0x106, который является недопустимым в текущей исходной кодировке (кодовая страница 65001).
C:\Samarok\Programming\C++\OOP\schedule\TimetableQt\Schedule.h(1,1): warning C4828: Файл содержит знак, начинающийся со смещения 0x109, который является недопустимым в текущей исходной кодировке (кодовая страница 65001).
C:\Samarok\Programming\C++\OOP\schedule\TimetableQt\Schedule.h(1,1): warning C4828: Файл содержит знак, начинающийся со смещения 0x12d, который является недопустимым в текущей исходной кодировке (кодовая страница 65001).
C:\Samarok\Programming\C++\OOP\schedule\TimetableQt\Schedule.h(1,1): warning C4828: Файл содержит знак, начинающийся со смещения 0x130, который является недопустимым в текущей исходной кодировке (кодовая страница 65001).
C:\Samarok\Programming\C++\OOP\schedule\TimetableQt\Schedule.h(1,1): warning C4828: Файл содержит знак, начинающийся со смещения 0x134, который является недопустимым в текущей исходной кодировке (кодовая страница 65001).
C:\Samarok\Programming\C++\OOP\schedule\TimetableQt\Schedule.h(1,1): warning C4828: Файл содержит знак, начинающийся со смещения 0x13f, который является недопустимым в текущей исходной кодировке (кодовая страница 65001).
C:\Samarok\Programming\C++\OOP\schedule\TimetableQt\Schedule.h(1,1): warning C4828: Файл содержит знак, начинающийся со смещения 0x142, который является недопустимым в текущей исходной кодировке (кодовая страница 65001).
C:\Samarok\Programming\C++\OOP\schedule\TimetableQt\Schedule.h(1,1): warning C4828: Файл содержит знак, начинающийся со смещения 0x145, который является недопустимым в текущей исходной кодировке (кодовая страница 65001).
C:\Samarok\Programming\C++\OOP\schedule\TimetableQt\Schedule.h(1,1): warning C4828: Файл содержит знак, начинающийся со смещения 0x148, который является недопустимым в текущей исходной кодировке (кодовая страница 65001).
  TimetableQt.vcxproj -> C:\Samarok\Programming\C++\OOP\schedule\TimetableQt\x64\Debug\TimetableQt.exe
