c:\samarok\programming\c++\oop\schedule\timetableqt\x64\debug\vc143.pdb
c:\samarok\programming\c++\oop\schedule\timetableqt\x64\debug\vc143.idb
c:\samarok\programming\c++\oop\schedule\timetableqt\x64\debug\qrc_mainwindow.obj
c:\samarok\programming\c++\oop\schedule\timetableqt\x64\debug\mainwindow.obj
c:\samarok\programming\c++\oop\schedule\timetableqt\x64\debug\schedule.obj
c:\samarok\programming\c++\oop\schedule\timetableqt\x64\debug\main.obj
c:\samarok\programming\c++\oop\schedule\timetableqt\x64\debug\dataloader.obj
c:\samarok\programming\c++\oop\schedule\timetableqt\x64\debug\teacher.obj
c:\samarok\programming\c++\oop\schedule\timetableqt\x64\debug\moc_mainwindow.obj
c:\samarok\programming\c++\oop\schedule\timetableqt\x64\debug\timetableqt.exe
c:\samarok\programming\c++\oop\schedule\timetableqt\x64\debug\timetableqt.ilk
c:\samarok\programming\c++\oop\schedule\timetableqt\x64\debug\timetableqt.pdb
c:\samarok\programming\c++\oop\schedule\timetableqt\x64\debug\qt\moc\moc_mainwindow.cpp
c:\samarok\programming\c++\oop\schedule\timetableqt\x64\debug\qt\rcc\qrc_mainwindow.cpp
c:\samarok\programming\c++\oop\schedule\timetableqt\x64\debug\qt\uic\ui_mainwindow.h
c:\samarok\programming\c++\oop\schedule\timetableqt\x64\debug\timetableqt.tlog\cl.command.1.tlog
c:\samarok\programming\c++\oop\schedule\timetableqt\x64\debug\timetableqt.tlog\cl.read.1.tlog
c:\samarok\programming\c++\oop\schedule\timetableqt\x64\debug\timetableqt.tlog\cl.write.1.tlog
c:\samarok\programming\c++\oop\schedule\timetableqt\x64\debug\timetableqt.tlog\link.command.1.tlog
c:\samarok\programming\c++\oop\schedule\timetableqt\x64\debug\timetableqt.tlog\link.read.1.tlog
c:\samarok\programming\c++\oop\schedule\timetableqt\x64\debug\timetableqt.tlog\link.write.1.tlog
c:\samarok\programming\c++\oop\schedule\timetableqt\x64\debug\timetableqt.tlog\moc.read.1u.tlog
c:\samarok\programming\c++\oop\schedule\timetableqt\x64\debug\timetableqt.tlog\moc.write.1u.tlog
c:\samarok\programming\c++\oop\schedule\timetableqt\x64\debug\timetableqt.tlog\rcc.read.1u.tlog
c:\samarok\programming\c++\oop\schedule\timetableqt\x64\debug\timetableqt.tlog\rcc.write.1u.tlog
c:\samarok\programming\c++\oop\schedule\timetableqt\x64\debug\timetableqt.tlog\timetableqt.write.1u.tlog
c:\samarok\programming\c++\oop\schedule\timetableqt\x64\debug\timetableqt.tlog\uic.read.1u.tlog
c:\samarok\programming\c++\oop\schedule\timetableqt\x64\debug\timetableqt.tlog\uic.write.1u.tlog
